<?xml version="1.0" encoding="UTF-8"?>
<testng-results skipped="0" failed="0" ignored="4" total="12" passed="8">
  <reporter-output>
  </reporter-output>
  <suite name="Test-class Suite" duration-ms="419127" started-at="2020-02-04T09:17:24Z" finished-at="2020-02-04T09:24:23Z">
    <groups>
    </groups>
    <test name="Test-class test 1 Production" duration-ms="419127" started-at="2020-02-04T09:17:24Z" finished-at="2020-02-04T09:24:23Z">
      <class name="TestNG.SanityAllOptions">
        <test-method status="PASS" signature="initialQuestions()[pri:10, instance:TestNG.SanityAllOptions@2af004b]" name="initialQuestions" duration-ms="53890" started-at="2020-02-04T09:17:24Z" finished-at="2020-02-04T09:18:18Z">
          <reporter-output>
          </reporter-output>
        </test-method> <!-- initialQuestions -->
        <test-method status="PASS" signature="initialOfferScreen()[pri:30, instance:TestNG.SanityAllOptions@2af004b]" name="initialOfferScreen" duration-ms="47758" started-at="2020-02-04T09:18:18Z" depends-on-methods="TestNG.SanityAllOptions.initialQuestions" finished-at="2020-02-04T09:19:06Z">
          <reporter-output>
          </reporter-output>
        </test-method> <!-- initialOfferScreen -->
        <test-method status="PASS" signature="finalQuestions()[pri:40, instance:TestNG.SanityAllOptions@2af004b]" name="finalQuestions" duration-ms="80325" started-at="2020-02-04T09:19:06Z" depends-on-methods="TestNG.SanityAllOptions.initialOfferScreen" finished-at="2020-02-04T09:20:26Z">
          <reporter-output>
          </reporter-output>
        </test-method> <!-- finalQuestions -->
        <test-method status="PASS" signature="finalOfferScreen()[pri:50, instance:TestNG.SanityAllOptions@2af004b]" name="finalOfferScreen" duration-ms="32823" started-at="2020-02-04T09:20:26Z" depends-on-methods="TestNG.SanityAllOptions.finalQuestions" finished-at="2020-02-04T09:20:59Z">
          <reporter-output>
          </reporter-output>
        </test-method> <!-- finalOfferScreen -->
        <test-method status="PASS" signature="covers()[pri:70, instance:TestNG.SanityAllOptions@2af004b]" name="covers" duration-ms="5616" started-at="2020-02-04T09:20:59Z" depends-on-methods="TestNG.SanityAllOptions.finalOfferScreen" finished-at="2020-02-04T09:21:05Z">
          <reporter-output>
          </reporter-output>
        </test-method> <!-- covers -->
        <test-method status="PASS" signature="payments()[pri:80, instance:TestNG.SanityAllOptions@2af004b]" name="payments" duration-ms="27846" started-at="2020-02-04T09:21:05Z" depends-on-methods="TestNG.SanityAllOptions.covers" finished-at="2020-02-04T09:21:33Z">
          <reporter-output>
          </reporter-output>
        </test-method> <!-- payments -->
        <test-method status="PASS" signature="returnSteps()[pri:85, instance:TestNG.SanityAllOptions@2af004b]" name="returnSteps" duration-ms="70569" started-at="2020-02-04T09:21:33Z" depends-on-methods="TestNG.SanityAllOptions.payments" finished-at="2020-02-04T09:22:43Z">
          <reporter-output>
          </reporter-output>
        </test-method> <!-- returnSteps -->
        <test-method status="PASS" signature="forwardSteps()[pri:86, instance:TestNG.SanityAllOptions@2af004b]" name="forwardSteps" duration-ms="100251" started-at="2020-02-04T09:22:43Z" depends-on-methods="TestNG.SanityAllOptions.returnSteps" finished-at="2020-02-04T09:24:23Z">
          <reporter-output>
          </reporter-output>
        </test-method> <!-- forwardSteps -->
        <test-method status="PASS" signature="closeChrome()[pri:0, instance:TestNG.SanityAllOptions@2af004b]" name="closeChrome" is-config="true" duration-ms="1376" started-at="2020-02-04T09:24:23Z" finished-at="2020-02-04T09:24:25Z">
          <reporter-output>
          </reporter-output>
        </test-method> <!-- closeChrome -->
      </class> <!-- TestNG.SanityAllOptions -->
    </test> <!-- Test-class test 1 Production -->
  </suite> <!-- Test-class Suite -->
</testng-results>
