<?xml version="1.0" encoding="UTF-8"?>
<testng-results skipped="0" failed="1" ignored="5" total="13" passed="7">
  <reporter-output>
  </reporter-output>
  <suite name="Test-class Suite" duration-ms="394413" started-at="2020-01-15T17:54:05Z" finished-at="2020-01-15T18:00:39Z">
    <groups>
    </groups>
    <test name="Test-class test 2 red1years" duration-ms="394413" started-at="2020-01-15T17:54:05Z" finished-at="2020-01-15T18:00:39Z">
      <class name="TestNG.sanityAllOptionsTest">
        <test-method status="PASS" signature="initialOfferQuestions()[pri:10, instance:TestNG.sanityAllOptionsTest@2cf3d63b]" name="initialOfferQuestions" duration-ms="58898" started-at="2020-01-15T17:54:05Z" finished-at="2020-01-15T17:55:04Z">
          <reporter-output>
          </reporter-output>
        </test-method> <!-- initialOfferQuestions -->
        <test-method status="PASS" signature="initialOfferScreen()[pri:30, instance:TestNG.sanityAllOptionsTest@2cf3d63b]" name="initialOfferScreen" duration-ms="44811" started-at="2020-01-15T17:55:04Z" finished-at="2020-01-15T17:55:48Z">
          <reporter-output>
          </reporter-output>
        </test-method> <!-- initialOfferScreen -->
        <test-method status="PASS" signature="finalOfferQuestions()[pri:40, instance:TestNG.sanityAllOptionsTest@2cf3d63b]" name="finalOfferQuestions" duration-ms="82541" started-at="2020-01-15T17:55:48Z" finished-at="2020-01-15T17:57:11Z">
          <reporter-output>
          </reporter-output>
        </test-method> <!-- finalOfferQuestions -->
        <test-method status="PASS" signature="finalOfferScreen()[pri:50, instance:TestNG.sanityAllOptionsTest@2cf3d63b]" name="finalOfferScreen" duration-ms="32119" started-at="2020-01-15T17:57:11Z" finished-at="2020-01-15T17:57:43Z">
          <reporter-output>
          </reporter-output>
        </test-method> <!-- finalOfferScreen -->
        <test-method status="PASS" signature="covers()[pri:70, instance:TestNG.sanityAllOptionsTest@2cf3d63b]" name="covers" duration-ms="5426" started-at="2020-01-15T17:57:43Z" finished-at="2020-01-15T17:57:49Z">
          <reporter-output>
          </reporter-output>
        </test-method> <!-- covers -->
        <test-method status="PASS" signature="payments()[pri:80, instance:TestNG.sanityAllOptionsTest@2cf3d63b]" name="payments" duration-ms="27423" started-at="2020-01-15T17:57:49Z" finished-at="2020-01-15T17:58:16Z">
          <reporter-output>
          </reporter-output>
        </test-method> <!-- payments -->
        <test-method status="PASS" signature="returnSteps()[pri:85, instance:TestNG.sanityAllOptionsTest@2cf3d63b]" name="returnSteps" duration-ms="68860" started-at="2020-01-15T17:58:16Z" finished-at="2020-01-15T17:59:25Z">
          <reporter-output>
          </reporter-output>
        </test-method> <!-- returnSteps -->
        <test-method status="FAIL" signature="forwardSteps()[pri:86, instance:TestNG.sanityAllOptionsTest@2cf3d63b]" name="forwardSteps" duration-ms="74288" started-at="2020-01-15T17:59:25Z" finished-at="2020-01-15T18:00:39Z">
          <exception class="java.lang.Exception">
            <message>
              <![CDATA[Failed in Email send by iiii.co.il]]>
            </message>
            <full-stacktrace>
              <![CDATA[java.lang.Exception: Failed in Email send by iiii.co.il
at TestNG.sanityAllOptionsTest.emailException(sanityAllOptionsTest.java:156)
at TestNG.sanityAllOptionsTest.forwardSteps(sanityAllOptionsTest.java:1223)
at sun.reflect.NativeMethodAccessorImpl.invoke0(Native Method)
at sun.reflect.NativeMethodAccessorImpl.invoke(Unknown Source)
at sun.reflect.DelegatingMethodAccessorImpl.invoke(Unknown Source)
at java.lang.reflect.Method.invoke(Unknown Source)
at org.testng.internal.MethodInvocationHelper.invokeMethod(MethodInvocationHelper.java:124)
at org.testng.internal.Invoker.invokeMethod(Invoker.java:583)
at org.testng.internal.Invoker.invokeTestMethod(Invoker.java:719)
at org.testng.internal.Invoker.invokeTestMethods(Invoker.java:989)
at org.testng.internal.TestMethodWorker.invokeTestMethods(TestMethodWorker.java:125)
at org.testng.internal.TestMethodWorker.run(TestMethodWorker.java:109)
at org.testng.TestRunner.privateRun(TestRunner.java:648)
at org.testng.TestRunner.run(TestRunner.java:505)
at org.testng.SuiteRunner.runTest(SuiteRunner.java:455)
at org.testng.SuiteRunner.access$000(SuiteRunner.java:40)
at org.testng.SuiteRunner$SuiteWorker.run(SuiteRunner.java:489)
at org.testng.internal.thread.ThreadUtil$1.call(ThreadUtil.java:52)
at java.util.concurrent.FutureTask.run(Unknown Source)
at java.util.concurrent.ThreadPoolExecutor.runWorker(Unknown Source)
at java.util.concurrent.ThreadPoolExecutor$Worker.run(Unknown Source)
at java.lang.Thread.run(Unknown Source)
]]>
            </full-stacktrace>
          </exception> <!-- java.lang.Exception -->
          <reporter-output>
          </reporter-output>
        </test-method> <!-- forwardSteps -->
      </class> <!-- TestNG.sanityAllOptionsTest -->
    </test> <!-- Test-class test 2 red1years -->
  </suite> <!-- Test-class Suite -->
</testng-results>
