<?xml version="1.0" encoding="UTF-8"?>
<testng-results skipped="0" failed="0" ignored="4" total="12" passed="8">
  <reporter-output>
  </reporter-output>
  <suite name="Test-class Suite" duration-ms="421441" started-at="2020-02-06T16:59:49Z" finished-at="2020-02-06T17:06:50Z">
    <groups>
    </groups>
    <test name="Test-class test 2 red1years" duration-ms="421441" started-at="2020-02-06T16:59:49Z" finished-at="2020-02-06T17:06:50Z">
      <class name="TestNG.SanityAllOptions">
        <test-method status="PASS" signature="initialQuestions()[pri:10, instance:TestNG.SanityAllOptions@3b0fe47a]" name="initialQuestions" duration-ms="54729" started-at="2020-02-06T16:59:49Z" finished-at="2020-02-06T17:00:44Z">
          <reporter-output>
          </reporter-output>
        </test-method> <!-- initialQuestions -->
        <test-method status="PASS" signature="initialOfferScreen()[pri:30, instance:TestNG.SanityAllOptions@3b0fe47a]" name="initialOfferScreen" duration-ms="47739" started-at="2020-02-06T17:00:44Z" depends-on-methods="TestNG.SanityAllOptions.initialQuestions" finished-at="2020-02-06T17:01:31Z">
          <reporter-output>
          </reporter-output>
        </test-method> <!-- initialOfferScreen -->
        <test-method status="PASS" signature="finalQuestions()[pri:40, instance:TestNG.SanityAllOptions@3b0fe47a]" name="finalQuestions" duration-ms="78553" started-at="2020-02-06T17:01:31Z" depends-on-methods="TestNG.SanityAllOptions.initialOfferScreen" finished-at="2020-02-06T17:02:50Z">
          <reporter-output>
          </reporter-output>
        </test-method> <!-- finalQuestions -->
        <test-method status="PASS" signature="finalOfferScreen()[pri:50, instance:TestNG.SanityAllOptions@3b0fe47a]" name="finalOfferScreen" duration-ms="32258" started-at="2020-02-06T17:02:50Z" depends-on-methods="TestNG.SanityAllOptions.finalQuestions" finished-at="2020-02-06T17:03:22Z">
          <reporter-output>
          </reporter-output>
        </test-method> <!-- finalOfferScreen -->
        <test-method status="PASS" signature="covers()[pri:70, instance:TestNG.SanityAllOptions@3b0fe47a]" name="covers" duration-ms="5530" started-at="2020-02-06T17:03:22Z" depends-on-methods="TestNG.SanityAllOptions.finalOfferScreen" finished-at="2020-02-06T17:03:28Z">
          <reporter-output>
          </reporter-output>
        </test-method> <!-- covers -->
        <test-method status="PASS" signature="payments()[pri:80, instance:TestNG.SanityAllOptions@3b0fe47a]" name="payments" duration-ms="27488" started-at="2020-02-06T17:03:28Z" depends-on-methods="TestNG.SanityAllOptions.covers" finished-at="2020-02-06T17:03:55Z">
          <reporter-output>
          </reporter-output>
        </test-method> <!-- payments -->
        <test-method status="PASS" signature="returnSteps()[pri:85, instance:TestNG.SanityAllOptions@3b0fe47a]" name="returnSteps" duration-ms="73387" started-at="2020-02-06T17:03:55Z" depends-on-methods="TestNG.SanityAllOptions.payments" finished-at="2020-02-06T17:05:09Z">
          <reporter-output>
          </reporter-output>
        </test-method> <!-- returnSteps -->
        <test-method status="PASS" signature="forwardSteps()[pri:86, instance:TestNG.SanityAllOptions@3b0fe47a]" name="forwardSteps" duration-ms="101636" started-at="2020-02-06T17:05:09Z" depends-on-methods="TestNG.SanityAllOptions.returnSteps" finished-at="2020-02-06T17:06:50Z">
          <reporter-output>
          </reporter-output>
        </test-method> <!-- forwardSteps -->
        <test-method status="PASS" signature="closeChrome()[pri:0, instance:TestNG.SanityAllOptions@3b0fe47a]" name="closeChrome" is-config="true" duration-ms="1375" started-at="2020-02-06T17:06:51Z" finished-at="2020-02-06T17:06:52Z">
          <reporter-output>
          </reporter-output>
        </test-method> <!-- closeChrome -->
      </class> <!-- TestNG.SanityAllOptions -->
    </test> <!-- Test-class test 2 red1years -->
  </suite> <!-- Test-class Suite -->
</testng-results>
