<?xml version="1.0" encoding="UTF-8"?>
<testng-results skipped="1" failed="1" ignored="4" total="12" passed="6">
  <reporter-output>
  </reporter-output>
  <suite name="Test-class Suite" duration-ms="529126" started-at="2020-03-18T09:06:58Z" finished-at="2020-03-18T09:15:47Z">
    <groups>
    </groups>
    <test name="Test-class test 2 red1years" duration-ms="529126" started-at="2020-03-18T09:06:58Z" finished-at="2020-03-18T09:15:47Z">
      <class name="TestNG.SanityAllOptions">
        <test-method status="PASS" signature="initialQuestions()[pri:10, instance:TestNG.SanityAllOptions@3e8c3cb]" name="initialQuestions" duration-ms="65867" started-at="2020-03-18T09:06:58Z" finished-at="2020-03-18T09:08:04Z">
          <reporter-output>
          </reporter-output>
        </test-method> <!-- initialQuestions -->
        <test-method status="PASS" signature="initialOfferScreen()[pri:30, instance:TestNG.SanityAllOptions@3e8c3cb]" name="initialOfferScreen" duration-ms="54526" started-at="2020-03-18T09:08:04Z" depends-on-methods="TestNG.SanityAllOptions.initialQuestions" finished-at="2020-03-18T09:08:58Z">
          <reporter-output>
          </reporter-output>
        </test-method> <!-- initialOfferScreen -->
        <test-method status="PASS" signature="finalQuestions()[pri:40, instance:TestNG.SanityAllOptions@3e8c3cb]" name="finalQuestions" duration-ms="112021" started-at="2020-03-18T09:08:58Z" depends-on-methods="TestNG.SanityAllOptions.initialOfferScreen" finished-at="2020-03-18T09:10:50Z">
          <reporter-output>
          </reporter-output>
        </test-method> <!-- finalQuestions -->
        <test-method status="PASS" signature="finalOfferScreen()[pri:50, instance:TestNG.SanityAllOptions@3e8c3cb]" name="finalOfferScreen" duration-ms="89810" started-at="2020-03-18T09:10:50Z" depends-on-methods="TestNG.SanityAllOptions.finalQuestions" finished-at="2020-03-18T09:12:20Z">
          <reporter-output>
          </reporter-output>
        </test-method> <!-- finalOfferScreen -->
        <test-method status="PASS" signature="covers()[pri:70, instance:TestNG.SanityAllOptions@3e8c3cb]" name="covers" duration-ms="25537" started-at="2020-03-18T09:12:20Z" depends-on-methods="TestNG.SanityAllOptions.finalOfferScreen" finished-at="2020-03-18T09:12:46Z">
          <reporter-output>
          </reporter-output>
        </test-method> <!-- covers -->
        <test-method status="PASS" signature="payments()[pri:80, instance:TestNG.SanityAllOptions@3e8c3cb]" name="payments" duration-ms="52423" started-at="2020-03-18T09:12:46Z" depends-on-methods="TestNG.SanityAllOptions.covers" finished-at="2020-03-18T09:13:38Z">
          <reporter-output>
          </reporter-output>
        </test-method> <!-- payments -->
        <test-method status="FAIL" signature="returnSteps()[pri:85, instance:TestNG.SanityAllOptions@3e8c3cb]" name="returnSteps" duration-ms="128886" started-at="2020-03-18T09:13:38Z" depends-on-methods="TestNG.SanityAllOptions.payments" finished-at="2020-03-18T09:15:47Z">
          <exception class="java.lang.Exception">
            <message>
              <![CDATA[Failed in Email send by iiii.co.il]]>
            </message>
            <full-stacktrace>
              <![CDATA[java.lang.Exception: Failed in Email send by iiii.co.il
at TestNG.TestFailed.testFailed(TestFailed.java:96)
at TestNG.SanityAllOptions.returnSteps(SanityAllOptions.java:142)
at sun.reflect.NativeMethodAccessorImpl.invoke0(Native Method)
at sun.reflect.NativeMethodAccessorImpl.invoke(Unknown Source)
at sun.reflect.DelegatingMethodAccessorImpl.invoke(Unknown Source)
at java.lang.reflect.Method.invoke(Unknown Source)
at org.testng.internal.MethodInvocationHelper.invokeMethod(MethodInvocationHelper.java:124)
at org.testng.internal.Invoker.invokeMethod(Invoker.java:583)
at org.testng.internal.Invoker.invokeTestMethod(Invoker.java:719)
at org.testng.internal.Invoker.invokeTestMethods(Invoker.java:989)
at org.testng.internal.TestMethodWorker.invokeTestMethods(TestMethodWorker.java:125)
at org.testng.internal.TestMethodWorker.run(TestMethodWorker.java:109)
at org.testng.TestRunner.privateRun(TestRunner.java:648)
at org.testng.TestRunner.run(TestRunner.java:505)
at org.testng.SuiteRunner.runTest(SuiteRunner.java:455)
at org.testng.SuiteRunner.access$000(SuiteRunner.java:40)
at org.testng.SuiteRunner$SuiteWorker.run(SuiteRunner.java:489)
at org.testng.internal.thread.ThreadUtil$1.call(ThreadUtil.java:52)
at java.util.concurrent.FutureTask.run(Unknown Source)
at java.util.concurrent.ThreadPoolExecutor.runWorker(Unknown Source)
at java.util.concurrent.ThreadPoolExecutor$Worker.run(Unknown Source)
at java.lang.Thread.run(Unknown Source)
]]>
            </full-stacktrace>
          </exception> <!-- java.lang.Exception -->
          <reporter-output>
          </reporter-output>
        </test-method> <!-- returnSteps -->
        <test-method status="SKIP" signature="forwardSteps()[pri:86, instance:TestNG.SanityAllOptions@3e8c3cb]" name="forwardSteps" duration-ms="0" started-at="2020-03-18T09:15:47Z" depends-on-methods="TestNG.SanityAllOptions.returnSteps" finished-at="2020-03-18T09:15:47Z">
          <exception class="java.lang.Throwable">
            <message>
              <![CDATA[Method SanityAllOptions.forwardSteps()[pri:86, instance:TestNG.SanityAllOptions@3e8c3cb] depends on not successfully finished methods]]>
            </message>
            <full-stacktrace>
              <![CDATA[java.lang.Throwable: Method SanityAllOptions.forwardSteps()[pri:86, instance:TestNG.SanityAllOptions@3e8c3cb] depends on not successfully finished methods
at org.testng.internal.Invoker.invokeTestMethods(Invoker.java:888)
at org.testng.internal.TestMethodWorker.invokeTestMethods(TestMethodWorker.java:125)
at org.testng.internal.TestMethodWorker.run(TestMethodWorker.java:109)
at org.testng.TestRunner.privateRun(TestRunner.java:648)
at org.testng.TestRunner.run(TestRunner.java:505)
at org.testng.SuiteRunner.runTest(SuiteRunner.java:455)
at org.testng.SuiteRunner.access$000(SuiteRunner.java:40)
at org.testng.SuiteRunner$SuiteWorker.run(SuiteRunner.java:489)
at org.testng.internal.thread.ThreadUtil$1.call(ThreadUtil.java:52)
at java.util.concurrent.FutureTask.run(Unknown Source)
at java.util.concurrent.ThreadPoolExecutor.runWorker(Unknown Source)
at java.util.concurrent.ThreadPoolExecutor$Worker.run(Unknown Source)
at java.lang.Thread.run(Unknown Source)
]]>
            </full-stacktrace>
          </exception> <!-- java.lang.Throwable -->
          <reporter-output>
          </reporter-output>
        </test-method> <!-- forwardSteps -->
        <test-method status="PASS" signature="closeChrome()[pri:0, instance:TestNG.SanityAllOptions@3e8c3cb]" name="closeChrome" is-config="true" duration-ms="1090" started-at="2020-03-18T09:15:47Z" finished-at="2020-03-18T09:15:48Z">
          <reporter-output>
          </reporter-output>
        </test-method> <!-- closeChrome -->
      </class> <!-- TestNG.SanityAllOptions -->
    </test> <!-- Test-class test 2 red1years -->
  </suite> <!-- Test-class Suite -->
</testng-results>
